2026-01-30 16:14:14 [INFO] send start {"outbox_id":"1","idem":"042c531fefbc","url":"https:\/\/aoki-cp2025.wk-demo.com\/recieve\/recieve.php","try":"1","ts":"1769757254","nonce":"f8d18375ab3c","body_len":"386","cipher_len":"276"}
2026-01-30 16:18:23 [INFO] send start {"outbox_id":"1","idem":"042c531fefbc","url":"https:\/\/aoki-cp2025.wk-demo.com\/recieve\/recieve.php","try":"1","ts":"1769757503","nonce":"05e18105516b","body_len":"382","cipher_len":"276"}
2026-01-30 16:19:47 [INFO] send start {"outbox_id":"1","idem":"042c531fefbc","url":"https:\/\/aoki-cp2025.wk-demo.com\/recieve\/recieve.php","try":"1","ts":"1769757587","nonce":"dd89de7850c2","body_len":"387","cipher_len":"276"}
2026-01-30 16:24:11 [INFO] send start {"outbox_id":"1","idem":"042c531fefbc","url":"https:\/\/aoki-cp2025.wk-demo.com\/recieve\/recieve.php","try":"1","ts":"1769757851","nonce":"65eb07b8db6d","body_len":"378","cipher_len":"276"}
2026-01-30 16:24:11 [ERROR] send fatal {"outbox_id":"1","idem":"042c531fefbc","err":"OutboxSender::httpPost(): Argument #4 ($code) must be of type int, null given, called in \/var\/www\/public_html\/apply\/formapp\/class\/OutboxSender.class.php on line 121","where":"\/var\/www\/public_html\/apply\/formapp\/class\/OutboxSender.class.php:197"}
2026-01-30 16:27:18 [INFO] send start {"outbox_id":"1","idem":"042c531fefbc","url":"https:\/\/aoki-cp2025.wk-demo.com\/recieve\/recieve.php","try":"2","ts":"1769758038","nonce":"76056a12ee95","body_len":"380","cipher_len":"276"}
2026-01-30 16:27:20 [INFO] send done {"outbox_id":"1","idem":"042c531fefbc","http_ok":"1","code":"422","resp":"{\"ok\":false,\"error\":\"missing_fields\"}"}
2026-01-30 16:36:53 [INFO] send start {"outbox_id":"1","idem":"042c531fefbc","url":"https:\/\/aoki-cp2025.wk-demo.com\/recieve\/recieve.php","try":"3","ts":"1769758613","nonce":"6cd36c956b8e","body_len":"380","cipher_len":"276"}
2026-01-30 16:36:53 [INFO] send done {"outbox_id":"1","idem":"042c531fefbc","http_ok":"1","code":"422","resp":"{\"ok\":false,\"error\":\"missing_fields\"}"}
2026-01-30 16:44:14 [INFO] send start {"outbox_id":"1","idem":"042c531fefbc","url":"https:\/\/aoki-cp2025.wk-demo.com\/recieve\/recieve.php","try":"4","ts":"1769759054","nonce":"e2cadd9e4f8a","body_len":"383","cipher_len":"276"}
2026-01-30 16:44:14 [INFO] send done {"outbox_id":"1","idem":"042c531fefbc","http_ok":"1","code":"422","resp":"{\"ok\":false,\"error\":\"missing_fields\"}"}
2026-01-30 16:52:09 [INFO] send start {"outbox_id":"15","idem":"25541b73c90e","url":"https:\/\/aoki-cp2025.wk-demo.com\/recieve\/recieve.php","try":"1","ts":"1769759529","nonce":"704703ac400c","body_len":"496","cipher_len":"392"}
2026-01-30 16:52:10 [INFO] send done {"outbox_id":"15","idem":"25541b73c90e","http_ok":"1","code":"500","resp":"{\"ok\":false,\"error\":\"db_error\"}"}
2026-01-30 16:55:35 [INFO] send start {"outbox_id":"1","idem":"042c531fefbc","url":"https:\/\/aoki-cp2025.wk-demo.com\/recieve\/recieve.php","try":"5","ts":"1769759735","nonce":"df7c0c57b725","body_len":"383","cipher_len":"276"}
2026-01-30 16:55:35 [INFO] send done {"outbox_id":"1","idem":"042c531fefbc","http_ok":"1","code":"422","resp":"{\"ok\":false,\"error\":\"missing_fields\"}"}
2026-01-30 16:55:35 [INFO] send start {"outbox_id":"15","idem":"25541b73c90e","url":"https:\/\/aoki-cp2025.wk-demo.com\/recieve\/recieve.php","try":"2","ts":"1769759735","nonce":"4f75f3ae4bce","body_len":"502","cipher_len":"392"}
2026-01-30 16:55:35 [INFO] send done {"outbox_id":"15","idem":"25541b73c90e","http_ok":"1","code":"200","resp":"{\"ok\":true,\"status\":\"saved\"}"}
2026-01-30 16:59:56 [INFO] send start {"outbox_id":"15","idem":"25541b73c90e","url":"https:\/\/aoki-cp2025.wk-demo.com\/recieve\/recieve.php","try":"2","ts":"1769759996","nonce":"75a0923d8b0a","body_len":"545","cipher_len":"436"}
2026-01-30 16:59:57 [INFO] send done {"outbox_id":"15","idem":"25541b73c90e","http_ok":"1","code":"200","resp":"{\"ok\":true,\"status\":\"saved\"}"}
2026-01-30 17:00:35 [INFO] send start {"outbox_id":"15","idem":"25541b73c90e","url":"https:\/\/aoki-cp2025.wk-demo.com\/recieve\/recieve.php","try":"2","ts":"1769760035","nonce":"bb7abcdc58a6","body_len":"548","cipher_len":"440"}
2026-01-30 17:00:35 [INFO] send done {"outbox_id":"15","idem":"25541b73c90e","http_ok":"1","code":"200","resp":"{\"ok\":true,\"status\":\"saved\"}"}
2026-01-30 17:05:00 [INFO] send start {"outbox_id":"19","idem":"becd4b9e0465","url":"https:\/\/aoki-cp2025.wk-demo.com\/recieve\/recieve.php","try":"1","ts":"1769760300","nonce":"3a55022b37ac","body_len":"576","cipher_len":"468"}
2026-01-30 17:05:04 [INFO] send done {"outbox_id":"19","idem":"becd4b9e0465","http_ok":"1","code":"200","resp":"{\"ok\":true,\"status\":\"saved\"}"}
2026-01-30 17:29:12 [INFO] send start {"outbox_id":"20","idem":"da36604d659e","url":"https:\/\/aoki-cp2025.wk-demo.com\/recieve\/recieve.php","try":"1","ts":"1769761752","nonce":"9019cbb9b15d","body_len":"549","cipher_len":"440"}
2026-01-30 17:29:12 [INFO] send done {"outbox_id":"20","idem":"da36604d659e","http_ok":"1","code":"200","resp":"{\"ok\":true,\"status\":\"saved\"}"}
